[0.000000] (-) TimerEvent: {}
[0.000352] (global_path_benchmarking) JobQueued: {'identifier': 'global_path_benchmarking', 'dependencies': OrderedDict()}
[0.000458] (global_path_benchmarking) JobStarted: {'identifier': 'global_path_benchmarking'}
[0.099845] (-) TimerEvent: {}
[0.200100] (-) TimerEvent: {}
[0.300440] (-) TimerEvent: {}
[0.400809] (-) TimerEvent: {}
[0.501247] (-) TimerEvent: {}
[0.601544] (-) TimerEvent: {}
[0.691243] (global_path_benchmarking) Command: {'cmd': ['/usr/bin/python3', '-W', 'ignore:setup.py install is deprecated', '-W', 'ignore:easy_install command is deprecated', 'setup.py', 'egg_info', '--egg-base', '../build/global_path_benchmarking', 'build', '--build-base', '/home/saif/Desktop/testing/build/global_path_benchmarking/build', 'install', '--record', '/home/saif/Desktop/testing/build/global_path_benchmarking/install.log', '--single-version-externally-managed', 'install_data'], 'cwd': '/home/saif/Desktop/testing/Global_path_benchmarking', 'env': {'GZ_SIM_SYSTEM_PLUGIN_PATH': '/home/saif/ardupilot_gazebo/build:', 'GJS_DEBUG_TOPICS': 'JS ERROR;JS LOG', 'LESSOPEN': '| /usr/bin/lesspipe %s', 'VSCODE_CWD': '/home/saif', 'GZ_SIM_RESOURCE_PATH': '/home/saif/ardupilot_gazebo/models:/home/saif/ardupilot_gazebo/worlds:', 'USER': 'saif', 'LC_TIME': 'ar_EG.UTF-8', 'VSCODE_NLS_CONFIG': '{"userLocale":"en-us","osLocale":"en-us","resolvedLanguage":"en","defaultMessagesFile":"/usr/share/antigravity/resources/app/out/nls.messages.json","locale":"en-us","availableLanguages":{}}', 'XDG_SESSION_TYPE': 'x11', 'SHLVL': '0', 'LD_LIBRARY_PATH': '/home/saif/ros2_ws/install/mavros_extras/lib:/home/saif/ros2_ws/install/mavros/lib:/home/saif/ros2_ws/install/mavros_msgs/lib:/home/saif/ros2_ws/install/libmavconn/lib:/opt/ros/humble/opt/rviz_ogre_vendor/lib:/opt/ros/humble/lib/x86_64-linux-gnu:/opt/ros/humble/lib', 'HOME': '/home/saif', 'CHROME_DESKTOP': 'antigravity.desktop', 'DESKTOP_SESSION': 'ubuntu-xorg', 'NVM_BIN': '/home/saif/.nvm/versions/node/v24.15.0/bin', 'NVM_INC': '/home/saif/.nvm/versions/node/v24.15.0/include/node', 'VSCODE_IPC_HOOK': '/run/user/1000/vscode-4ccbd696-1.10-main.sock', 'GIO_LAUNCHED_DESKTOP_FILE': '/usr/share/applications/antigravity.desktop', 'ROS_PYTHON_VERSION': '3', 'GNOME_SHELL_SESSION_MODE': 'ubuntu', 'GTK_MODULES': 'gail:atk-bridge', 'PAGER': 'cat', 'LC_MONETARY': 'ar_EG.UTF-8', 'MANAGERPID': '1805', 'SYSTEMD_EXEC_PID': '2089', 'DBUS_SESSION_BUS_ADDRESS': 'unix:path=/run/user/1000/bus', 'ANTIGRAVITY_AGENT': '1', 'GIO_LAUNCHED_DESKTOP_FILE_PID': '22473', 'NVM_DIR': '/home/saif/.nvm', 'COLCON_PREFIX_PATH': '/home/saif/Desktop/RosData/ros2_prog1/install:/home/saif/ros2_ws/install', 'ROS_DISTRO': 'humble', 'GTK_IM_MODULE': 'ibus', 'LOGNAME': 'saif', '_': '/usr/bin/colcon', 'JOURNAL_STREAM': '8:16099', 'ROS_VERSION': '2', 'XDG_SESSION_CLASS': 'user', 'USERNAME': 'saif', 'TERM': 'dumb', 'GNOME_DESKTOP_SESSION_ID': 'this-is-deprecated', 'FC_FONTATIONS': '1', 'ROS_LOCALHOST_ONLY': '0', 'WINDOWPATH': '2', 'ANTIGRAVITY_EDITOR_APP_ROOT': '/usr/share/antigravity/resources/app', 'PATH': '/usr/lib/ccache:/home/saif/ardupilot/Tools/autotest:/opt/gcc-arm-none-eabi-10-2020-q4-major/bin:/home/saif/.local/bin:/home/saif/bin:/home/saif/.nvm/versions/node/v24.15.0/bin:/opt/ros/humble/bin:/usr/lib/ccache:/home/saif/ardupilot/Tools/autotest:/opt/gcc-arm-none-eabi-10-2020-q4-major/bin:/home/saif/.local/bin:/home/saif/bin:/usr/local/sbin:/usr/local/bin:/usr/sbin:/usr/bin:/sbin:/bin:/usr/games:/usr/local/games:/snap/bin:/snap/bin', 'SESSION_MANAGER': 'local/laptop:@/tmp/.ICE-unix/2062,unix/laptop:/tmp/.ICE-unix/2062', 'INVOCATION_ID': '72bae8840c74488588def76717b6f13e', 'XDG_MENU_PREFIX': 'gnome-', 'LC_ADDRESS': 'ar_EG.UTF-8', 'XDG_RUNTIME_DIR': '/run/user/1000', 'GDK_BACKEND': 'x11', 'DISPLAY': ':0', 'LANG': 'en_US.UTF-8', 'XDG_CURRENT_DESKTOP': 'ubuntu:GNOME', 'LC_TELEPHONE': 'ar_EG.UTF-8', 'XMODIFIERS': '@im=ibus', 'XDG_SESSION_DESKTOP': 'ubuntu-xorg', 'XAUTHORITY': '/run/user/1000/gdm/Xauthority', 'LS_COLORS': '', 'SSH_AGENT_LAUNCHER': 'gnome-keyring', 'SSH_AUTH_SOCK': '/run/user/1000/keyring/ssh', 'AMENT_PREFIX_PATH': '/home/saif/Desktop/RosData/ros2_prog1/install/my_py_pkg1:/home/saif/Desktop/RosData/ros2_prog1/install/my_cpp_pkg1:/home/saif/ros2_ws/install/mavros_extras:/home/saif/ros2_ws/install/mavros_examples:/home/saif/ros2_ws/install/mavros:/home/saif/ros2_ws/install/mavros_msgs:/home/saif/ros2_ws/install/libmavconn:/opt/ros/humble', 'SHELL': '/bin/bash', 'LC_NAME': 'ar_EG.UTF-8', 'QT_ACCESSIBILITY': '1', 'GDMSESSION': 'ubuntu-xorg', 'LESSCLOSE': '/usr/bin/lesspipe %s %s', 'LC_MEASUREMENT': 'ar_EG.UTF-8', 'GPG_AGENT_INFO': '/run/user/1000/gnupg/S.gpg-agent:0:1', 'GJS_DEBUG_OUTPUT': 'stderr', 'LC_IDENTIFICATION': 'ar_EG.UTF-8', 'QT_IM_MODULE': 'ibus', 'ANTIGRAVITY_TRAJECTORY_ID': 'fe810675-fd80-429e-9765-008dde2e6ca0', 'PWD': '/home/saif/Desktop/testing/build/global_path_benchmarking', 'LC_ALL': 'en_US.UTF-8', 'XDG_CONFIG_DIRS': '/etc/xdg/xdg-ubuntu-xorg:/etc/xdg', 'VSCODE_CODE_CACHE_PATH': '/home/saif/.config/Antigravity/CachedData/15487b3041e65228cae24980a3f796c905ef582c', 'NVM_CD_FLAGS': '', 'XDG_DATA_DIRS': '/usr/share/ubuntu-xorg:/usr/share/gnome:/home/saif/.local/share/flatpak/exports/share:/var/lib/flatpak/exports/share:/usr/local/share/:/usr/share/:/var/lib/snapd/desktop', 'PYTHONPATH': '/home/saif/Desktop/testing/build/global_path_benchmarking/prefix_override:/usr/lib/python3/dist-packages/colcon_core/task/python/colcon_distutils_commands:/home/saif/Desktop/testing/install/global_path_benchmarking/lib/python3.10/site-packages:/home/saif/Desktop/RosData/ros2_prog1/install/my_py_pkg1/lib/python3.10/site-packages:/home/saif/ros2_ws/install/mavros_examples/local/lib/python3.10/dist-packages:/home/saif/ros2_ws/install/mavros/local/lib/python3.10/dist-packages:/home/saif/ros2_ws/install/mavros_msgs/local/lib/python3.10/dist-packages:/opt/ros/humble/lib/python3.10/site-packages:/opt/ros/humble/local/lib/python3.10/dist-packages', 'LC_NUMERIC': 'ar_EG.UTF-8', 'LC_PAPER': 'ar_EG.UTF-8', 'COLCON': '1', 'CMAKE_PREFIX_PATH': '/home/saif/Desktop/RosData/ros2_prog1/install/my_cpp_pkg1:/home/saif/ros2_ws/install/mavros_extras:/home/saif/ros2_ws/install/mavros_examples:/home/saif/ros2_ws/install/mavros:/home/saif/ros2_ws/install/mavros_msgs:/home/saif/ros2_ws/install/libmavconn', 'VSCODE_PID': '22473'}, 'shell': False}
[0.701639] (-) TimerEvent: {}
[0.801965] (-) TimerEvent: {}
[0.902246] (-) TimerEvent: {}
[0.928846] (global_path_benchmarking) StdoutLine: {'line': b'running egg_info\n'}
[0.929376] (global_path_benchmarking) StdoutLine: {'line': b'writing ../build/global_path_benchmarking/global_path_benchmarking.egg-info/PKG-INFO\n'}
[0.929561] (global_path_benchmarking) StdoutLine: {'line': b'writing dependency_links to ../build/global_path_benchmarking/global_path_benchmarking.egg-info/dependency_links.txt\n'}
[0.929700] (global_path_benchmarking) StdoutLine: {'line': b'writing entry points to ../build/global_path_benchmarking/global_path_benchmarking.egg-info/entry_points.txt\n'}
[0.929837] (global_path_benchmarking) StdoutLine: {'line': b'writing requirements to ../build/global_path_benchmarking/global_path_benchmarking.egg-info/requires.txt\n'}
[0.929951] (global_path_benchmarking) StdoutLine: {'line': b'writing top-level names to ../build/global_path_benchmarking/global_path_benchmarking.egg-info/top_level.txt\n'}
[0.961476] (global_path_benchmarking) StdoutLine: {'line': b"reading manifest file '../build/global_path_benchmarking/global_path_benchmarking.egg-info/SOURCES.txt'\n"}
[0.962177] (global_path_benchmarking) StdoutLine: {'line': b"writing manifest file '../build/global_path_benchmarking/global_path_benchmarking.egg-info/SOURCES.txt'\n"}
[0.962331] (global_path_benchmarking) StdoutLine: {'line': b'running build\n'}
[0.962467] (global_path_benchmarking) StdoutLine: {'line': b'running build_py\n'}
[0.962592] (global_path_benchmarking) StdoutLine: {'line': b'copying global_path_benchmarking/benchmarker.py -> /home/saif/Desktop/testing/build/global_path_benchmarking/build/lib/global_path_benchmarking\n'}
[0.962839] (global_path_benchmarking) StdoutLine: {'line': b'running install\n'}
[0.963107] (global_path_benchmarking) StdoutLine: {'line': b'running install_lib\n'}
[0.963839] (global_path_benchmarking) StdoutLine: {'line': b'copying /home/saif/Desktop/testing/build/global_path_benchmarking/build/lib/global_path_benchmarking/benchmarker.py -> /home/saif/Desktop/testing/install/global_path_benchmarking/lib/python3.10/site-packages/global_path_benchmarking\n'}
[0.964409] (global_path_benchmarking) StdoutLine: {'line': b'byte-compiling /home/saif/Desktop/testing/install/global_path_benchmarking/lib/python3.10/site-packages/global_path_benchmarking/benchmarker.py to benchmarker.cpython-310.pyc\n'}
[0.970659] (global_path_benchmarking) StdoutLine: {'line': b'running install_data\n'}
[0.970846] (global_path_benchmarking) StdoutLine: {'line': b'copying config/scenarios.yaml -> /home/saif/Desktop/testing/install/global_path_benchmarking/share/global_path_benchmarking/config\n'}
[0.971678] (global_path_benchmarking) StdoutLine: {'line': b'running install_egg_info\n'}
[0.972474] (global_path_benchmarking) StdoutLine: {'line': b"removing '/home/saif/Desktop/testing/install/global_path_benchmarking/lib/python3.10/site-packages/global_path_benchmarking-1.0.0-py3.10.egg-info' (and everything under it)\n"}
[0.972845] (global_path_benchmarking) StdoutLine: {'line': b'Copying ../build/global_path_benchmarking/global_path_benchmarking.egg-info to /home/saif/Desktop/testing/install/global_path_benchmarking/lib/python3.10/site-packages/global_path_benchmarking-1.0.0-py3.10.egg-info\n'}
[0.974342] (global_path_benchmarking) StdoutLine: {'line': b'running install_scripts\n'}
[0.991032] (global_path_benchmarking) StdoutLine: {'line': b'Installing benchmarker script to /home/saif/Desktop/testing/install/global_path_benchmarking/lib/global_path_benchmarking\n'}
[0.991237] (global_path_benchmarking) StdoutLine: {'line': b'Installing mock_planner script to /home/saif/Desktop/testing/install/global_path_benchmarking/lib/global_path_benchmarking\n'}
[0.991483] (global_path_benchmarking) StdoutLine: {'line': b"writing list of installed files to '/home/saif/Desktop/testing/build/global_path_benchmarking/install.log'\n"}
[1.002341] (-) TimerEvent: {}
[1.031888] (global_path_benchmarking) CommandEnded: {'returncode': 0}
[1.041317] (global_path_benchmarking) JobEnded: {'identifier': 'global_path_benchmarking', 'rc': 0}
[1.041891] (-) EventReactorShutdown: {}
